Server listening at http://0.0.0.0:8080
[2026-05-11T23:46:30.556Z] PUT /
IP: 127.0.0.1
UA: Anansi/1.0
Content-Type: 
Content-Length: 628
--- HEADERS ---
{
  "host": "127.0.0.1:8080",
  "accept": "*/*",
  "user-agent": "Anansi/1.0",
  "x-game-checksum": "99bbf4ac0516ee8a0702ad3e06fc4673",
  "content-length": "628"
}
--- BODY META ---
{
  "truncated": false,
  "bytes": 0,
  "sha256": "e3b0c44298fc1c149afbf4c8996fb92427ae41e4649b934ca495991b7852b855",
  "hex": "",
  "base64": ""
}

--- BODY (0 bytes) ---

